<?xml version='1.0' encoding='UTF-8'?>
<testsuite hostname="st-mashfir1" name="patmat.HuffmanSuite" tests="6" errors="0" failures="1" skipped="0" time="10.383" timestamp="2020-05-03T21:22:47">
                     <properties>
      <property name="java.specification.version" value="13"/><property name="sun.jnu.encoding" value="UTF-8"/><property name="sun.arch.data.model" value="64"/><property name="java.vendor.url" value="https://openjdk.java.net/"/><property name="sun.boot.library.path" value="/usr/local/Cellar/openjdk/13.0.2+8_2/libexec/openjdk.jdk/Contents/Home/lib"/><property name="sun.java.command" value="/usr/local/Cellar/sbt/1.3.9/libexec/bin/sbt-launch.jar"/><property name="jdk.debug" value="release"/><property name="java.specification.vendor" value="Oracle Corporation"/><property name="java.version.date" value="2020-01-14"/><property name="java.home" value="/usr/local/Cellar/openjdk/13.0.2+8_2/libexec/openjdk.jdk/Contents/Home"/><property name="file.separator" value="/"/><property name="java.vm.compressedOopsMode" value="Zero based"/><property name="line.separator" value="
"/><property name="java.specification.name" value="Java Platform API Specification"/><property name="java.vm.specification.vendor" value="Oracle Corporation"/><property name="sun.management.compiler" value="HotSpot 64-Bit Tiered Compilers"/><property name="java.runtime.version" value="13.0.2+8"/><property name="user.name" value="mashfir"/><property name="log4j.ignoreTCL" value="true"/><property name="file.encoding" value="UTF-8"/><property name="jnidispatch.path" value="/Users/mashfir/Library/Caches/JNA/temp/jna16944281401145440513.tmp"/><property name="jna.loaded" value="true"/><property name="java.io.tmpdir" value="/var/folders/zp/zzzp3_qn62x3y83h1k0wfpw80000gn/T/"/><property name="java.version" value="13.0.2"/><property name="java.vm.specification.name" value="Java Virtual Machine Specification"/><property name="java.library.path" value="/Users/mashfir/Library/Java/Extensions:/Library/Java/Extensions:/Network/Library/Java/Extensions:/System/Library/Java/Extensions:/usr/lib/java:."/><property name="java.vendor" value="N/A"/><property name="scala.ext.dirs" value="/Users/mashfir/.sbt/0.13/java9-rt-ext-n_a_13_0_2"/><property name="sun.io.unicode.encoding" value="UnicodeBig"/><property name="java.class.path" value="/usr/local/Cellar/sbt/1.3.9/libexec/bin/sbt-launch.jar"/><property name="java.vm.vendor" value="Oracle Corporation"/><property name="jline.shutdownhook" value="false"/><property name="user.timezone" value="America/Los_Angeles"/><property name="java.vm.specification.version" value="13"/><property name="os.name" value="Mac OS X"/><property name="sun.java.launcher" value="SUN_STANDARD"/><property name="user.country" value="US"/><property name="sun.cpu.endian" value="little"/><property name="user.home" value="/Users/mashfir"/><property name="user.language" value="en"/><property name="swoval.tmpdir" value="/Users/mashfir/.sbt/1.0"/><property name="jline.esc.timeout" value="0"/><property name="path.separator" value=":"/><property name="os.version" value="10.15.4"/><property name="jna.nosys" value="true"/><property name="java.runtime.name" value="OpenJDK Runtime Environment"/><property name="java.vm.name" value="OpenJDK 64-Bit Server VM"/><property name="jna.platform.library.path" value="/usr/lib:/usr/lib"/><property name="java.vendor.url.bug" value="https://bugreport.java.com/bugreport/"/><property name="user.dir" value="/Users/mashfir/IdeaProjects/patmat"/><property name="os.arch" value="x86_64"/><property name="java.vm.info" value="mixed mode, sharing"/><property name="java.vm.version" value="13.0.2+8"/><property name="java.class.version" value="57.0"/>
    </properties>
                     <testcase classname="patmat.HuffmanSuite" name="chars of a larger tree (10pts)" time="0.034">
                                                 
                                               </testcase><testcase classname="patmat.HuffmanSuite" name="weight of a larger tree (10pts)" time="0.001">
                                                 
                                               </testcase><testcase classname="patmat.HuffmanSuite" name="decode and encode a very short text should be identity (10pts)" time="10.346">
                                                 <failure message="java.lang.Exception: test timed out after 10000 milliseconds" type="sbt.ForkMain$ForkError">sbt.ForkMain$ForkError: java.lang.Exception: test timed out after 10000 milliseconds
	at app//patmat.Huffman.decodeAcc$1(Huffman.scala:174)
	at app//patmat.Huffman.decode(Huffman.scala:181)
	at app//patmat.Huffman.decode$(Huffman.scala:172)
	at app//patmat.Huffman$.decode(Huffman.scala:276)
	at app//patmat.HuffmanSuite$$anon$3.&lt;init&gt;(HuffmanSuite.scala:43)
	at app//patmat.HuffmanSuite.decode$u0020and$u0020encode$u0020a$u0020very$u0020short$u0020text$u0020should$u0020be$u0020identity$u0020$u002810pts$u0029(HuffmanSuite.scala:42)
	at java.base@13.0.2/jdk.internal.reflect.NativeMethodAccessorImpl.invoke0(Native Method)
	at java.base@13.0.2/jdk.internal.reflect.NativeMethodAccessorImpl.invoke(NativeMethodAccessorImpl.java:62)
	at java.base@13.0.2/jdk.internal.reflect.DelegatingMethodAccessorImpl.invoke(DelegatingMethodAccessorImpl.java:43)
	at java.base@13.0.2/java.lang.reflect.Method.invoke(Method.java:567)
	at app//org.junit.runners.model.FrameworkMethod$1.runReflectiveCall(FrameworkMethod.java:47)
	at app//org.junit.internal.runners.model.ReflectiveCallable.run(ReflectiveCallable.java:12)
	at app//org.junit.runners.model.FrameworkMethod.invokeExplosively(FrameworkMethod.java:44)
	at app//org.junit.internal.runners.statements.InvokeMethod.evaluate(InvokeMethod.java:17)
	at app//org.junit.internal.runners.statements.FailOnTimeout$StatementThread.run(FailOnTimeout.java:74)
</failure>
                                               </testcase><testcase classname="patmat.HuffmanSuite" name="string2chars hello world" time="0.001">
                                                 
                                               </testcase><testcase classname="patmat.HuffmanSuite" name="combine of some leaf list (15pts)" time="0.001">
                                                 
                                               </testcase><testcase classname="patmat.HuffmanSuite" name="make ordered leaf list for some frequency table (15pts)" time="0.0">
                                                 
                                               </testcase>
                     <system-out><![CDATA[]]></system-out>
                     <system-err><![CDATA[]]></system-err>
                   </testsuite>