<?xml version='1.0' encoding='UTF-8'?>
<testsuite hostname="st-mashfir1" name="example.ListsSuite" tests="6" errors="0" failures="0" skipped="0" time="0.047" timestamp="2020-04-19T10:01:40">
                     <properties>
      <property name="java.specification.version" value="13"/><property name="sun.jnu.encoding" value="UTF-8"/><property name="sun.arch.data.model" value="64"/><property name="java.vendor.url" value="https://openjdk.java.net/"/><property name="sun.boot.library.path" value="/usr/local/Cellar/openjdk/13.0.2+8_2/libexec/openjdk.jdk/Contents/Home/lib"/><property name="sun.java.command" value="/usr/local/Cellar/sbt/1.3.9/libexec/bin/sbt-launch.jar"/><property name="jdk.debug" value="release"/><property name="java.specification.vendor" value="Oracle Corporation"/><property name="java.version.date" value="2020-01-14"/><property name="java.home" value="/usr/local/Cellar/openjdk/13.0.2+8_2/libexec/openjdk.jdk/Contents/Home"/><property name="file.separator" value="/"/><property name="java.vm.compressedOopsMode" value="Zero based"/><property name="line.separator" value="
"/><property name="java.specification.name" value="Java Platform API Specification"/><property name="java.vm.specification.vendor" value="Oracle Corporation"/><property name="sun.management.compiler" value="HotSpot 64-Bit Tiered Compilers"/><property name="java.runtime.version" value="13.0.2+8"/><property name="user.name" value="mashfir"/><property name="log4j.ignoreTCL" value="true"/><property name="file.encoding" value="UTF-8"/><property name="jnidispatch.path" value="/Users/mashfir/Library/Caches/JNA/temp/jna12195674422808442032.tmp"/><property name="jna.loaded" value="true"/><property name="java.io.tmpdir" value="/var/folders/zp/zzzp3_qn62x3y83h1k0wfpw80000gn/T/"/><property name="java.version" value="13.0.2"/><property name="java.vm.specification.name" value="Java Virtual Machine Specification"/><property name="java.library.path" value="/Users/mashfir/Library/Java/Extensions:/Library/Java/Extensions:/Network/Library/Java/Extensions:/System/Library/Java/Extensions:/usr/lib/java:."/><property name="java.vendor" value="N/A"/><property name="scala.ext.dirs" value="/Users/mashfir/.sbt/0.13/java9-rt-ext-n_a_13_0_2"/><property name="sun.io.unicode.encoding" value="UnicodeBig"/><property name="java.class.path" value="/usr/local/Cellar/sbt/1.3.9/libexec/bin/sbt-launch.jar"/><property name="java.vm.vendor" value="Oracle Corporation"/><property name="jline.shutdownhook" value="false"/><property name="user.timezone" value="America/Los_Angeles"/><property name="java.vm.specification.version" value="13"/><property name="os.name" value="Mac OS X"/><property name="sun.java.launcher" value="SUN_STANDARD"/><property name="user.country" value="US"/><property name="sun.cpu.endian" value="little"/><property name="user.home" value="/Users/mashfir"/><property name="user.language" value="en"/><property name="swoval.tmpdir" value="/Users/mashfir/.sbt/1.0"/><property name="jline.esc.timeout" value="0"/><property name="path.separator" value=":"/><property name="os.version" value="10.14.6"/><property name="jna.nosys" value="true"/><property name="java.runtime.name" value="OpenJDK Runtime Environment"/><property name="java.vm.name" value="OpenJDK 64-Bit Server VM"/><property name="jna.platform.library.path" value="/usr/lib:/usr/lib"/><property name="java.vendor.url.bug" value="https://bugreport.java.com/bugreport/"/><property name="user.dir" value="/Users/mashfir/IdeaProjects/example"/><property name="os.arch" value="x86_64"/><property name="java.vm.info" value="mixed mode, sharing"/><property name="java.vm.version" value="13.0.2+8"/><property name="java.class.version" value="57.0"/>
    </properties>
                     <testcase classname="example.ListsSuite" name="one plus one is three (0pts)?" time="0.039">
                                                 
                                               </testcase><testcase classname="example.ListsSuite" name="max of a few numbers (10pts)" time="0.006">
                                                 
                                               </testcase><testcase classname="example.ListsSuite" name="intNotZero throws an exception if its argument is 0" time="0.0">
                                                 
                                               </testcase><testcase classname="example.ListsSuite" name="details why one plus one is not three (0pts)" time="0.001">
                                                 
                                               </testcase><testcase classname="example.ListsSuite" name="sum of a few numbers (10pts)" time="0.001">
                                                 
                                               </testcase><testcase classname="example.ListsSuite" name="one plus one is two (0pts)" time="0.0">
                                                 
                                               </testcase>
                     <system-out><![CDATA[]]></system-out>
                     <system-err><![CDATA[]]></system-err>
                   </testsuite>